Flutter crash report.
Please report a bug at https://github.com/flutter/flutter/issues.

## command

flutter pub get --no-example

## exception

PathAccessException: PathAccessException: Deletion failed, path = 'C:\Users\RENATA-PROPPI\Desktop\API flutter project\api_flutter_project\.android' (OS Error: O arquivo já está sendo usado por outro processo.
, errno = 32)

```
#0      _Directory._deleteSync (dart:io/directory_impl.dart:225:7)
#1      FileSystemEntity.deleteSync (dart:io/file_system_entity.dart:425:7)
#2      ForwardingFileSystemEntity.deleteSync (package:file/src/forwarding/forwarding_file_system_entity.dart:70:16)
#3      ErrorHandlingDirectory.deleteSync.<anonymous closure> (package:flutter_tools/src/base/error_handling_io.dart:451:22)
#4      _runSync (package:flutter_tools/src/base/error_handling_io.dart:552:14)
#5      ErrorHandlingDirectory.deleteSync (package:flutter_tools/src/base/error_handling_io.dart:450:12)
#6      ErrorHandlingFileSystem.deleteIfExists (package:flutter_tools/src/base/error_handling_io.dart:90:14)
#7      AndroidProject._regenerateLibrary (package:flutter_tools/src/project.dart:857:29)
#8      AndroidProject.ensureReadyForPlatformSpecificTooling (package:flutter_tools/src/project.dart:824:13)
#9      FlutterProject.ensureReadyForPlatformSpecificTooling (package:flutter_tools/src/project.dart:378:21)
<asynchronous suspension>
#10     PackagesGetCommand.runCommand (package:flutter_tools/src/commands/packages.dart:395:9)
<asynchronous suspension>
#11     FlutterCommand.run.<anonymous closure> (package:flutter_tools/src/runner/flutter_command.dart:1581:27)
<asynchronous suspension>
#12     AppContext.run.<anonymous closure> (package:flutter_tools/src/base/context.dart:154:19)
<asynchronous suspension>
#13     CommandRunner.runCommand (package:args/command_runner.dart:212:13)
<asynchronous suspension>
#14     FlutterCommandRunner.runCommand.<anonymous closure> (package:flutter_tools/src/runner/flutter_command_runner.dart:503:9)
<asynchronous suspension>
#15     AppContext.run.<anonymous closure> (package:flutter_tools/src/base/context.dart:154:19)
<asynchronous suspension>
#16     FlutterCommandRunner.runCommand (package:flutter_tools/src/runner/flutter_command_runner.dart:438:5)
<asynchronous suspension>
#17     run.<anonymous closure>.<anonymous closure> (package:flutter_tools/runner.dart:98:11)
<asynchronous suspension>
#18     AppContext.run.<anonymous closure> (package:flutter_tools/src/base/context.dart:154:19)
<asynchronous suspension>
#19     main (package:flutter_tools/executable.dart:101:3)
<asynchronous suspension>
```

## flutter doctor

```
[✓] Flutter (Channel stable, 3.35.3, on Microsoft Windows [versÆo 10.0.19045.6332], locale pt-BR) [4,6s]
    • Flutter version 3.35.3 on channel stable at C:\flutter
    • Upstream repository https://github.com/flutter/flutter.git
    • Framework revision a402d9a437 (5 weeks ago), 2025-09-03 14:54:31 -0700
    • Engine revision ddf47dd3ff
    • Dart version 3.9.2
    • DevTools version 2.48.0
    • Feature flags: enable-web, enable-linux-desktop, enable-macos-desktop, enable-windows-desktop, enable-android, enable-ios, cli-animations, enable-lldb-debugging

[✓] Windows Version (10 Home 64 bits, 22H2, 2009) [14,8s]

[✓] Android toolchain - develop for Android devices (Android SDK version 36.1.0-rc1) [16,3s]
    • Android SDK at C:\Users\RENATA-PROPPI\AppData\Local\Android\sdk
    • Emulator version 36.1.9.0 (build_id 13823996) (CL:N/A)
    • Platform android-36, build-tools 36.1.0-rc1
    • Java binary at: C:\Program Files\Eclipse Adoptium\jdk-17.0.16.8-hotspot\bin\java
      This JDK is specified in your Flutter configuration.
      To change the current JDK, run: `flutter config --jdk-dir="path/to/jdk"`.
    • Java version OpenJDK Runtime Environment Temurin-17.0.16+8 (build 17.0.16+8)
    • All Android licenses accepted.

[✓] Chrome - develop for the web [1.408ms]
    • Chrome at C:\Program Files\Google\Chrome\Application\chrome.exe

[✓] Visual Studio - develop Windows apps (Visual Studio Community 2022 17.14.13 Preview 1.0) [1.406ms]
    • Visual Studio at C:\Program Files\Microsoft Visual Studio\2022\Preview
    • Visual Studio Community 2022 version 17.14.36414.22
    • The current Visual Studio installation is a pre-release version. It may not be supported by Flutter yet.
    • Windows 10 SDK version 10.0.26100.0

[✓] Android Studio (version 2025.1.3) [18ms]
    • Android Studio at C:\Program Files\Android\Android Studio
    • Flutter plugin can be installed from:
      🔨 https://plugins.jetbrains.com/plugin/9212-flutter
    • Dart plugin can be installed from:
      🔨 https://plugins.jetbrains.com/plugin/6351-dart
    • Java version OpenJDK Runtime Environment (build 21.0.7+-13880790-b1038.58)

[✓] VS Code (version 1.104.3) [14ms]
    • VS Code at C:\Users\RENATA-PROPPI\AppData\Local\Programs\Microsoft VS Code
    • Flutter extension version 3.120.0

[✓] Connected device (4 available) [2,5s]
    • moto g34 5G (mobile) • ZF524R97VW • android-arm64  • Android 15 (API 35)
    • Windows (desktop)    • windows    • windows-x64    • Microsoft Windows [versÆo 10.0.19045.6332]
    • Chrome (web)         • chrome     • web-javascript • Google Chrome 140.0.7339.208
    • Edge (web)           • edge       • web-javascript • Microsoft Edge 140.0.3485.81

[✓] Network resources [1.407ms]
    • All expected network resources are available.

• No issues found!
```
